#
# There is insufficient memory for the Java Runtime Environment to continue.
# Native memory allocation (mmap) failed to map 266338304 bytes for Failed to commit area from 0x0000000702400000 to 0x0000000712200000 of length 266338304.
# Possible reasons:
#   The system is out of physical RAM or swap space
#   The process is running with CompressedOops enabled, and the Java Heap may be blocking the growth of the native heap
# Possible solutions:
#   Reduce memory load on the system
#   Increase physical memory or swap space
#   Check if swap backing store is full
#   Decrease Java heap size (-Xmx/-Xms)
#   Decrease number of Java threads
#   Decrease Java thread stack sizes (-Xss)
#   Set larger code cache with -XX:ReservedCodeCacheSize=
# This output file may be truncated or incomplete.
#
#  Out of Memory Error (./src/hotspot/os/windows/os_windows.cpp:3301), pid=51308, tid=35064
#
# JRE version:  (11.0.10+9) (build )
# Java VM: Dynamic Code Evolution 64-Bit Server VM (11.0.10+9-b1341.41, mixed mode, sharing, tiered, compressed oops, g1 gc, windows-amd64)
# No core dump will be written. Minidumps are not enabled by default on client versions of Windows
#

---------------  S U M M A R Y ------------

Command Line: org.jetbrains.git4idea.http.GitAskPassApp Username for 'https://git.code.tencent.com': 

Host: Intel(R) Core(TM) i5-8265U CPU @ 1.60GHz, 8 cores, 15G,  Windows 10 , 64 bit Build 18362 (10.0.18362.1082)
Time: Fri Nov  4 14:17:15 2022 ?D1ú±ê×?ê±?? elapsed time: 0.013806 seconds (0d 0h 0m 0s)

---------------  T H R E A D  ---------------

Current thread (0x000002dc51787800):  JavaThread "Unknown thread" [_thread_in_vm, id=35064, stack(0x000000fe2c100000,0x000000fe2c200000)]

Stack: [0x000000fe2c100000,0x000000fe2c200000]
Native frames: (J=compiled Java code, j=interpreted, Vv=VM code, C=native code)
V  [jvm.dll+0x5f84fa]
V  [jvm.dll+0x77e085]
V  [jvm.dll+0x77f5dd]
V  [jvm.dll+0x77fc93]
V  [jvm.dll+0x2457e8]
V  [jvm.dll+0x5f58f4]
V  [jvm.dll+0x5ea975]
V  [jvm.dll+0x30228b]
V  [jvm.dll+0x3021fa]
V  [jvm.dll+0x3020d2]
V  [jvm.dll+0x306fb6]
V  [jvm.dll+0x34f843]
V  [jvm.dll+0x34ff46]
V  [jvm.dll+0x34f943]
V  [jvm.dll+0x2dbcb8]
V  [jvm.dll+0x2dce57]
V  [jvm.dll+0x75c4d7]
V  [jvm.dll+0x75dd6c]
V  [jvm.dll+0x35cdb9]
V  [jvm.dll+0x73fc9e]
V  [jvm.dll+0x3c5663]
V  [jvm.dll+0x3c7a21]
C  [jli.dll+0x5373]
C  [ucrtbase.dll+0x20e82]
C  [KERNEL32.DLL+0x17bd4]
C  [ntdll.dll+0x6ce51]


---------------  P R O C E S S  ---------------

Threads class SMR info:
_java_thread_list=0x000002dc4f504100, length=0, elements={
}

Java Threads: ( => current thread )

Other Threads:
  0x000002dc5179a800 GCTaskThread "GC Thread#0" [stack: 0x000000fe2c200000,0x000000fe2c300000] [id=42304]
  0x000002dc517fc800 ConcurrentGCThread "G1 Main Marker" [stack: 0x000000fe2c300000,0x000000fe2c400000] [id=55484]
  0x000002dc517fd800 ConcurrentGCThread "G1 Conc#0" [stack: 0x000000fe2c400000,0x000000fe2c500000] [id=49096]

[error occurred during error reporting (printing all threads), id 0xc0000005, EXCEPTION_ACCESS_VIOLATION (0xc0000005) at pc=0x00007ffb336cc437]

VM state:not at safepoint (not fully initialized)

VM Mutex/Monitor currently owned by a thread:  ([mutex/lock_event])
[0x000002dc517850f0] Heap_lock - owner thread: 0x000002dc51787800

Heap address: 0x0000000702400000, size: 4060 MB, Compressed Oops mode: Non-zero based: 0x0000000702400000
Narrow klass base: 0x0000000000000000, Narrow klass shift: 0

GC Heap History (0 events):
No events

Deoptimization events (0 events):
No events

Classes redefined (0 events):
No events

Internal exceptions (0 events):
No events

Events (1 events):
Event: 0.010 Loaded shared library D:\soft\WebStorm 2021.1.1\jbr\bin\zip.dll


Dynamic libraries:
0x00007ff6af1c0000 - 0x00007ff6af1ca000 	D:\soft\WebStorm 2021.1.1\jbr\bin\java.exe
0x00007ffb8b600000 - 0x00007ffb8b7f0000 	C:\Windows\SYSTEM32\ntdll.dll
0x00007ffb8a0c0000 - 0x00007ffb8a172000 	C:\Windows\System32\KERNEL32.DLL
0x00007ffb888e0000 - 0x00007ffb88b85000 	C:\Windows\System32\KERNELBASE.dll
0x00007ffb88c90000 - 0x00007ffb88d8a000 	C:\Windows\System32\ucrtbase.dll
0x00007ffb7e0a0000 - 0x00007ffb7e0b9000 	D:\soft\WebStorm 2021.1.1\jbr\bin\jli.dll
0x00007ffb805f0000 - 0x00007ffb80607000 	D:\soft\WebStorm 2021.1.1\jbr\bin\VCRUNTIME140.dll
0x00007ffb8b410000 - 0x00007ffb8b5a5000 	C:\Windows\System32\USER32.dll
0x00007ffb885b0000 - 0x00007ffb885d1000 	C:\Windows\System32\win32u.dll
0x00007ffb89c90000 - 0x00007ffb89cb6000 	C:\Windows\System32\GDI32.dll
0x00007ffb89510000 - 0x00007ffb896a6000 	C:\Windows\System32\gdi32full.dll
0x00007ffb885e0000 - 0x00007ffb8867e000 	C:\Windows\System32\msvcp_win.dll
0x00007ffb72810000 - 0x00007ffb72a94000 	C:\Windows\WinSxS\amd64_microsoft.windows.common-controls_6595b64144ccf1df_6.0.18362.1082_none_9e8193e1e45b25c1\COMCTL32.dll
0x00007ffb8ae00000 - 0x00007ffb8ae9e000 	C:\Windows\System32\msvcrt.dll
0x00007ffb8b0d0000 - 0x00007ffb8b405000 	C:\Windows\System32\combase.dll
0x00007ffb89e50000 - 0x00007ffb89f70000 	C:\Windows\System32\RPCRT4.dll
0x00007ffb88bc0000 - 0x00007ffb88c40000 	C:\Windows\System32\bcryptPrimitives.dll
0x00007ffb89c60000 - 0x00007ffb89c8e000 	C:\Windows\System32\IMM32.DLL
0x00007ffb65490000 - 0x00007ffb6552d000 	D:\soft\WebStorm 2021.1.1\jbr\bin\msvcp140.dll
0x00007ffb333e0000 - 0x00007ffb33f2f000 	D:\soft\WebStorm 2021.1.1\jbr\bin\server\jvm.dll
0x00007ffb8ad50000 - 0x00007ffb8adf3000 	C:\Windows\System32\ADVAPI32.dll
0x00007ffb8aa10000 - 0x00007ffb8aaa7000 	C:\Windows\System32\sechost.dll
0x00007ffb8ad40000 - 0x00007ffb8ad48000 	C:\Windows\System32\PSAPI.DLL
0x00007ffb85ef0000 - 0x00007ffb85f14000 	C:\Windows\SYSTEM32\WINMM.dll
0x00007ffb7e4f0000 - 0x00007ffb7e4f9000 	C:\Windows\SYSTEM32\WSOCK32.dll
0x00007ffb82a00000 - 0x00007ffb82a0a000 	C:\Windows\SYSTEM32\VERSION.dll
0x00007ffb89de0000 - 0x00007ffb89e4f000 	C:\Windows\System32\WS2_32.dll
0x00007ffb85b50000 - 0x00007ffb85b7d000 	C:\Windows\SYSTEM32\WINMMBASE.dll
0x00007ffb88c40000 - 0x00007ffb88c8a000 	C:\Windows\System32\cfgmgr32.dll
0x00007ffb88550000 - 0x00007ffb88561000 	C:\Windows\System32\kernel.appcore.dll
0x00007ffb7e1e0000 - 0x00007ffb7e1f1000 	D:\soft\WebStorm 2021.1.1\jbr\bin\verify.dll
0x00007ffb86dc0000 - 0x00007ffb86fb4000 	C:\Windows\SYSTEM32\DBGHELP.DLL
0x00007ffb6f6d0000 - 0x00007ffb6f6fa000 	C:\Windows\SYSTEM32\dbgcore.DLL
0x00007ffb7d530000 - 0x00007ffb7d559000 	D:\soft\WebStorm 2021.1.1\jbr\bin\java.dll
0x00007ffb7e4e0000 - 0x00007ffb7e4eb000 	D:\soft\WebStorm 2021.1.1\jbr\bin\jimage.dll
0x00007ffb7e060000 - 0x00007ffb7e078000 	D:\soft\WebStorm 2021.1.1\jbr\bin\zip.dll

dbghelp: loaded successfully - version: 4.0.5 - missing functions: none
symbol engine: initialized successfully - sym options: 0x614 - pdb path: .;D:\soft\WebStorm 2021.1.1\jbr\bin;C:\Windows\SYSTEM32;C:\Windows\WinSxS\amd64_microsoft.windows.common-controls_6595b64144ccf1df_6.0.18362.1082_none_9e8193e1e45b25c1;D:\soft\WebStorm 2021.1.1\jbr\bin\server

VM Arguments:
java_command: org.jetbrains.git4idea.http.GitAskPassApp Username for 'https://git.code.tencent.com': 
java_class_path (initial): D:/soft/WebStorm 2021.1.1/plugins/git4idea/lib/git4idea-rt.jar;D:/soft/WebStorm 2021.1.1/lib/xmlrpc-2.0.1.jar;D:/soft/WebStorm 2021.1.1/lib/commons-codec-1.15.jar
Launcher Type: SUN_STANDARD

[Global flags]
     intx CICompilerCount                          = 4                                         {product} {ergonomic}
     uint ConcGCThreads                            = 2                                         {product} {ergonomic}
     uint G1ConcRefinementThreads                  = 8                                         {product} {ergonomic}
   size_t G1HeapRegionSize                         = 1048576                                   {product} {ergonomic}
    uintx GCDrainStackTargetSize                   = 64                                        {product} {ergonomic}
   size_t InitialHeapSize                          = 266338304                                 {product} {ergonomic}
   size_t MarkStackSize                            = 4194304                                   {product} {ergonomic}
   size_t MaxHeapSize                              = 4257218560                                {product} {ergonomic}
   size_t MinHeapDeltaBytes                        = 1048576                                   {product} {ergonomic}
    uintx NonNMethodCodeHeapSize                   = 5836300                                {pd product} {ergonomic}
    uintx NonProfiledCodeHeapSize                  = 122910970                              {pd product} {ergonomic}
    uintx ProfiledCodeHeapSize                     = 122910970                              {pd product} {ergonomic}
    uintx ReservedCodeCacheSize                    = 251658240                              {pd product} {ergonomic}
     bool SegmentedCodeCache                       = true                                      {product} {ergonomic}
     bool UseCompressedClassPointers               = true                                 {lp64_product} {ergonomic}
     bool UseCompressedOops                        = true                                 {lp64_product} {ergonomic}
     bool UseG1GC                                  = true                                      {product} {ergonomic}
     bool UseLargePagesIndividualAllocation        = false                                  {pd product} {ergonomic}

Logging:
Log output configuration:
 #0: stdout all=warning uptime,level,tags
 #1: stderr all=off uptime,level,tags

Environment Variables:
JAVA_HOME=C:\Program Files\Java\jdk1.8.0_271
CLASSPATH=.;C:\Program Files\Java\jdk1.8.0_271\lib;C:\Program Files\Java\jdk1.8.0_271\lib\tools.jar
PATH=D:\Git\mingw64\libexec\git-core;D:\Git\mingw64\libexec\git-core;D:\Git\mingw64\bin;D:\Git\usr\bin;C:\Users\19483\bin;D:\soft\VMware\bin;C:\Program Files (x86)\Common Files\Oracle\Java\javapath;C:\Python39\Scripts;C:\Python39;C:\Windows\system32;C:\Windows;C:\Windows\System32\Wbem;C:\Windows\System32\WindowsPowerShell\v1.0;C:\Windows\System32\OpenSSH;C:\Program Files (x86)\NVIDIA Corporation\PhysX\Common;D:\Git\cmd;C:\Program Files\Intel\WiFi\bin;C:\Program Files\Common Files\Intel\WirelessCommon;C:\ProgramData\chocolatey\bin;C:\Program Files\Microsoft SQL Server\130\Tools\Binn;C:\Program Files\TortoiseSVN\bin;D:\soft\xampp\mysql\bin;%NODE_PATH%;C:\WindowsSystem3;C:\Windows;C:\Windowssystem32WBEM";.;C:\Program Files\Java\jdk1.8.0_271\bin;C:\Program Files\Java\jdk1.8.0_271\jre\bin";C:\Program Files\python;C:\Program Files\python\Scripts;D:\BtSoft\panel\script;C:\Program Files\nodejs;C:\Program Files\Java\jdk1.8.0_271\bi;C:\Program Files\Java\jdk1.8.0_271\jre\bin";D:\微信web开发者工具\dll;C:\Users\19483\.windows-build-tools\python27;C:\Users\19483\AppData\Local\Programs\Python\Python38\Scripts;C:\Users\19483\AppData\Local\Programs\Python\Python38;C:\Users\19483\AppData\Local\Microsoft\WindowsApps;D:\WebStorm 2020.1.1\bin;D:\Microsoft VS Code\bin;D:\Git\usr\bin;C:\Users\19483\.dotnet\tools;D:\soft\WebStorm 2020.3\bin;C:\Program Files\nodejs;C:\Users\19483\AppData\Roaming\npm
USERNAME=19483
DISPLAY=:0.0
LC_ALL=en_US.UTF-8
OS=Windows_NT
PROCESSOR_IDENTIFIER=Intel64 Family 6 Model 142 Stepping 12, GenuineIntel



---------------  S Y S T E M  ---------------

OS: Windows 10 , 64 bit Build 18362 (10.0.18362.1082)
OS uptime: 72 days 17:17 hours

CPU:total 8 (initial active 8) (4 cores per cpu, 2 threads per core) family 6 model 142 stepping 12 microcode 0xde, cmov, cx8, fxsr, mmx, sse, sse2, sse3, ssse3, sse4.1, sse4.2, popcnt, avx, avx2, aes, clmul, erms, 3dnowpref, lzcnt, ht, tsc, tscinvbit, bmi1, bmi2, adx, fma

Memory: 4k page, system-wide physical 16235M (889M free)
TotalPageFile size 40538M (AvailPageFile size 51M)
current process WorkingSet (physical memory assigned to process): 10M, peak: 10M
current process commit charge ("private bytes"): 60M, peak: 314M

vm_info: Dynamic Code Evolution 64-Bit Server VM (11.0.10+9-b1341.41) for windows-amd64 JRE (11.0.10+9-b1341.41), built on Apr 17 2021 07:18:15 by "" with MS VC++ 14.0 (VS2015)

END.
